2018-08-14 15:38:15 InputStreamConverter - Converting input streams...
2018-08-14 15:38:18 InputStreamConverter - Ontologies loaded! Main Ontology: http://ecoinformatics.org/oboe/oboe.1.0/oboe-core.owl
2018-08-14 15:38:18 OwlClassAxiomVisitor - Specification of cardinalities not supported yet: ObjectExactCardinality(1 <http://ecoinformatics.org/oboe/oboe.1.0/oboe-core.owl#hasNextQualifier> <http://ecoinformatics.org/oboe/oboe.1.0/oboe-core.owl#CharacteristicQualifier>)
2018-08-14 15:38:18 OwlClassAxiomVisitor - Specification of cardinalities not supported yet: ObjectExactCardinality(1 <http://ecoinformatics.org/oboe/oboe.1.0/oboe-core.owl#hasBaseQualifier> <http://ecoinformatics.org/oboe/oboe.1.0/oboe-core.owl#BaseCharacteristicQualifier>)
2018-08-14 15:38:18 OwlClassAxiomVisitor - Specification of cardinalities not supported yet: ObjectMinCardinality(2 <http://ecoinformatics.org/oboe/oboe.1.0/oboe-core.owl#hasUnit> ObjectUnionOf(<http://ecoinformatics.org/oboe/oboe.1.0/oboe-core.owl#BaseUnit> <http://ecoinformatics.org/oboe/oboe.1.0/oboe-core.owl#DerivedUnit>))
2018-08-14 15:38:18 OwlClassAxiomVisitor - Anonymous operand in object complement of.
2018-08-14 15:38:18 OwlClassAxiomVisitor - Specification of cardinalities not supported yet: ObjectExactCardinality(1 <http://ecoinformatics.org/oboe/oboe.1.0/oboe-core.owl#hasUnit> ObjectUnionOf(<http://ecoinformatics.org/oboe/oboe.1.0/oboe-core.owl#BaseUnit> <http://ecoinformatics.org/oboe/oboe.1.0/oboe-core.owl#DerivedUnit>))
2018-08-14 15:38:18 OwlClassAxiomVisitor - Anonymous operand in object complement of.
2018-08-14 15:38:18 OwlClassAxiomVisitor - ObjectAllValuesFrom range class is anonymous: ObjectAllValuesFrom(<http://ecoinformatics.org/oboe/oboe.1.0/oboe-core.owl#standardFor> ObjectIntersectionOf(<http://ecoinformatics.org/oboe/oboe.1.0/oboe-core.owl#Measurement> ObjectAllValuesFrom(<http://ecoinformatics.org/oboe/oboe.1.0/oboe-core.owl#ofCharacteristic> <http://ecoinformatics.org/oboe/oboe.1.0/oboe-core.owl#PhysicalCharacteristic>)))
2018-08-14 15:38:18 OwlClassAxiomVisitor - ObjectAllValuesFrom range class is anonymous: ObjectAllValuesFrom(<http://ecoinformatics.org/oboe/oboe.1.0/oboe-core.owl#standardFor> ObjectIntersectionOf(<http://ecoinformatics.org/oboe/oboe.1.0/oboe-core.owl#Measurement> ObjectAllValuesFrom(<http://ecoinformatics.org/oboe/oboe.1.0/oboe-core.owl#hasValue> <http://ecoinformatics.org/oboe/oboe.1.0/oboe-core.owl#Decimal>)))
2018-08-14 15:40:02 InputStreamConverter - Converting input streams...
2018-08-14 15:40:04 InputStreamConverter - Ontologies loaded! Main Ontology: http://ecoinformatics.org/oboe/oboe.1.0/oboe-core.owl
2018-08-14 15:40:04 OwlClassAxiomVisitor - Specification of cardinalities not supported yet: ObjectExactCardinality(1 <http://ecoinformatics.org/oboe/oboe.1.0/oboe-core.owl#hasNextQualifier> <http://ecoinformatics.org/oboe/oboe.1.0/oboe-core.owl#CharacteristicQualifier>)
2018-08-14 15:40:04 OwlClassAxiomVisitor - Specification of cardinalities not supported yet: ObjectExactCardinality(1 <http://ecoinformatics.org/oboe/oboe.1.0/oboe-core.owl#hasBaseQualifier> <http://ecoinformatics.org/oboe/oboe.1.0/oboe-core.owl#BaseCharacteristicQualifier>)
2018-08-14 15:40:04 OwlClassAxiomVisitor - Specification of cardinalities not supported yet: ObjectMinCardinality(2 <http://ecoinformatics.org/oboe/oboe.1.0/oboe-core.owl#hasUnit> ObjectUnionOf(<http://ecoinformatics.org/oboe/oboe.1.0/oboe-core.owl#BaseUnit> <http://ecoinformatics.org/oboe/oboe.1.0/oboe-core.owl#DerivedUnit>))
2018-08-14 15:40:04 OwlClassAxiomVisitor - Anonymous operand in object complement of.
2018-08-14 15:40:04 OwlClassAxiomVisitor - Specification of cardinalities not supported yet: ObjectExactCardinality(1 <http://ecoinformatics.org/oboe/oboe.1.0/oboe-core.owl#hasUnit> ObjectUnionOf(<http://ecoinformatics.org/oboe/oboe.1.0/oboe-core.owl#BaseUnit> <http://ecoinformatics.org/oboe/oboe.1.0/oboe-core.owl#DerivedUnit>))
2018-08-14 15:40:04 OwlClassAxiomVisitor - Anonymous operand in object complement of.
2018-08-14 15:40:04 OwlClassAxiomVisitor - ObjectAllValuesFrom range class is anonymous: ObjectAllValuesFrom(<http://ecoinformatics.org/oboe/oboe.1.0/oboe-core.owl#standardFor> ObjectIntersectionOf(<http://ecoinformatics.org/oboe/oboe.1.0/oboe-core.owl#Measurement> ObjectAllValuesFrom(<http://ecoinformatics.org/oboe/oboe.1.0/oboe-core.owl#ofCharacteristic> <http://ecoinformatics.org/oboe/oboe.1.0/oboe-core.owl#PhysicalCharacteristic>)))
2018-08-14 15:40:04 OwlClassAxiomVisitor - ObjectAllValuesFrom range class is anonymous: ObjectAllValuesFrom(<http://ecoinformatics.org/oboe/oboe.1.0/oboe-core.owl#standardFor> ObjectIntersectionOf(<http://ecoinformatics.org/oboe/oboe.1.0/oboe-core.owl#Measurement> ObjectAllValuesFrom(<http://ecoinformatics.org/oboe/oboe.1.0/oboe-core.owl#hasValue> <http://ecoinformatics.org/oboe/oboe.1.0/oboe-core.owl#Decimal>)))
2018-08-14 15:59:52 InputStreamConverter - Converting input streams...
2018-08-14 15:59:54 InputStreamConverter - Ontologies loaded! Main Ontology: http://ecoinformatics.org/oboe/oboe.1.0/oboe-core.owl
2018-08-14 15:59:54 OwlClassAxiomVisitor - Specification of cardinalities not supported yet: ObjectExactCardinality(1 <http://ecoinformatics.org/oboe/oboe.1.0/oboe-core.owl#hasNextQualifier> <http://ecoinformatics.org/oboe/oboe.1.0/oboe-core.owl#CharacteristicQualifier>)
2018-08-14 15:59:54 OwlClassAxiomVisitor - Specification of cardinalities not supported yet: ObjectExactCardinality(1 <http://ecoinformatics.org/oboe/oboe.1.0/oboe-core.owl#hasBaseQualifier> <http://ecoinformatics.org/oboe/oboe.1.0/oboe-core.owl#BaseCharacteristicQualifier>)
2018-08-14 15:59:54 OwlClassAxiomVisitor - Specification of cardinalities not supported yet: ObjectMinCardinality(2 <http://ecoinformatics.org/oboe/oboe.1.0/oboe-core.owl#hasUnit> ObjectUnionOf(<http://ecoinformatics.org/oboe/oboe.1.0/oboe-core.owl#BaseUnit> <http://ecoinformatics.org/oboe/oboe.1.0/oboe-core.owl#DerivedUnit>))
2018-08-14 15:59:54 OwlClassAxiomVisitor - Anonymous operand in object complement of.
2018-08-14 15:59:54 OwlClassAxiomVisitor - Specification of cardinalities not supported yet: ObjectExactCardinality(1 <http://ecoinformatics.org/oboe/oboe.1.0/oboe-core.owl#hasUnit> ObjectUnionOf(<http://ecoinformatics.org/oboe/oboe.1.0/oboe-core.owl#BaseUnit> <http://ecoinformatics.org/oboe/oboe.1.0/oboe-core.owl#DerivedUnit>))
2018-08-14 15:59:54 OwlClassAxiomVisitor - Anonymous operand in object complement of.
2018-08-14 15:59:54 OwlClassAxiomVisitor - ObjectAllValuesFrom range class is anonymous: ObjectAllValuesFrom(<http://ecoinformatics.org/oboe/oboe.1.0/oboe-core.owl#standardFor> ObjectIntersectionOf(<http://ecoinformatics.org/oboe/oboe.1.0/oboe-core.owl#Measurement> ObjectAllValuesFrom(<http://ecoinformatics.org/oboe/oboe.1.0/oboe-core.owl#ofCharacteristic> <http://ecoinformatics.org/oboe/oboe.1.0/oboe-core.owl#PhysicalCharacteristic>)))
2018-08-14 15:59:54 OwlClassAxiomVisitor - ObjectAllValuesFrom range class is anonymous: ObjectAllValuesFrom(<http://ecoinformatics.org/oboe/oboe.1.0/oboe-core.owl#standardFor> ObjectIntersectionOf(<http://ecoinformatics.org/oboe/oboe.1.0/oboe-core.owl#Measurement> ObjectAllValuesFrom(<http://ecoinformatics.org/oboe/oboe.1.0/oboe-core.owl#hasValue> <http://ecoinformatics.org/oboe/oboe.1.0/oboe-core.owl#Decimal>)))
2018-08-14 16:00:44 InputStreamConverter - Converting input streams...
2018-08-14 16:00:46 InputStreamConverter - Ontologies loaded! Main Ontology: http://ecoinformatics.org/oboe/oboe.1.0/oboe-core.owl
2018-08-14 16:00:46 OwlClassAxiomVisitor - Specification of cardinalities not supported yet: ObjectExactCardinality(1 <http://ecoinformatics.org/oboe/oboe.1.0/oboe-core.owl#hasNextQualifier> <http://ecoinformatics.org/oboe/oboe.1.0/oboe-core.owl#CharacteristicQualifier>)
2018-08-14 16:00:46 OwlClassAxiomVisitor - Specification of cardinalities not supported yet: ObjectExactCardinality(1 <http://ecoinformatics.org/oboe/oboe.1.0/oboe-core.owl#hasBaseQualifier> <http://ecoinformatics.org/oboe/oboe.1.0/oboe-core.owl#BaseCharacteristicQualifier>)
2018-08-14 16:00:46 OwlClassAxiomVisitor - Specification of cardinalities not supported yet: ObjectMinCardinality(2 <http://ecoinformatics.org/oboe/oboe.1.0/oboe-core.owl#hasUnit> ObjectUnionOf(<http://ecoinformatics.org/oboe/oboe.1.0/oboe-core.owl#BaseUnit> <http://ecoinformatics.org/oboe/oboe.1.0/oboe-core.owl#DerivedUnit>))
2018-08-14 16:00:46 OwlClassAxiomVisitor - Anonymous operand in object complement of.
2018-08-14 16:00:46 OwlClassAxiomVisitor - Specification of cardinalities not supported yet: ObjectExactCardinality(1 <http://ecoinformatics.org/oboe/oboe.1.0/oboe-core.owl#hasUnit> ObjectUnionOf(<http://ecoinformatics.org/oboe/oboe.1.0/oboe-core.owl#BaseUnit> <http://ecoinformatics.org/oboe/oboe.1.0/oboe-core.owl#DerivedUnit>))
2018-08-14 16:00:46 OwlClassAxiomVisitor - Anonymous operand in object complement of.
2018-08-14 16:00:46 OwlClassAxiomVisitor - ObjectAllValuesFrom range class is anonymous: ObjectAllValuesFrom(<http://ecoinformatics.org/oboe/oboe.1.0/oboe-core.owl#standardFor> ObjectIntersectionOf(<http://ecoinformatics.org/oboe/oboe.1.0/oboe-core.owl#Measurement> ObjectAllValuesFrom(<http://ecoinformatics.org/oboe/oboe.1.0/oboe-core.owl#ofCharacteristic> <http://ecoinformatics.org/oboe/oboe.1.0/oboe-core.owl#PhysicalCharacteristic>)))
2018-08-14 16:00:46 OwlClassAxiomVisitor - ObjectAllValuesFrom range class is anonymous: ObjectAllValuesFrom(<http://ecoinformatics.org/oboe/oboe.1.0/oboe-core.owl#standardFor> ObjectIntersectionOf(<http://ecoinformatics.org/oboe/oboe.1.0/oboe-core.owl#Measurement> ObjectAllValuesFrom(<http://ecoinformatics.org/oboe/oboe.1.0/oboe-core.owl#hasValue> <http://ecoinformatics.org/oboe/oboe.1.0/oboe-core.owl#Decimal>)))
2018-08-14 16:10:17 InputStreamConverter - Converting input streams...
2018-08-14 16:10:19 InputStreamConverter - Ontologies loaded! Main Ontology: http://ecoinformatics.org/oboe/oboe.1.0/oboe-core.owl
2018-08-14 16:10:19 OwlClassAxiomVisitor - Specification of cardinalities not supported yet: ObjectExactCardinality(1 <http://ecoinformatics.org/oboe/oboe.1.0/oboe-core.owl#hasNextQualifier> <http://ecoinformatics.org/oboe/oboe.1.0/oboe-core.owl#CharacteristicQualifier>)
2018-08-14 16:10:19 OwlClassAxiomVisitor - Specification of cardinalities not supported yet: ObjectExactCardinality(1 <http://ecoinformatics.org/oboe/oboe.1.0/oboe-core.owl#hasBaseQualifier> <http://ecoinformatics.org/oboe/oboe.1.0/oboe-core.owl#BaseCharacteristicQualifier>)
2018-08-14 16:10:19 OwlClassAxiomVisitor - Specification of cardinalities not supported yet: ObjectMinCardinality(2 <http://ecoinformatics.org/oboe/oboe.1.0/oboe-core.owl#hasUnit> ObjectUnionOf(<http://ecoinformatics.org/oboe/oboe.1.0/oboe-core.owl#BaseUnit> <http://ecoinformatics.org/oboe/oboe.1.0/oboe-core.owl#DerivedUnit>))
2018-08-14 16:10:19 OwlClassAxiomVisitor - Anonymous operand in object complement of.
2018-08-14 16:10:19 OwlClassAxiomVisitor - Specification of cardinalities not supported yet: ObjectExactCardinality(1 <http://ecoinformatics.org/oboe/oboe.1.0/oboe-core.owl#hasUnit> ObjectUnionOf(<http://ecoinformatics.org/oboe/oboe.1.0/oboe-core.owl#BaseUnit> <http://ecoinformatics.org/oboe/oboe.1.0/oboe-core.owl#DerivedUnit>))
2018-08-14 16:10:19 OwlClassAxiomVisitor - Anonymous operand in object complement of.
2018-08-14 16:10:19 OwlClassAxiomVisitor - ObjectAllValuesFrom range class is anonymous: ObjectAllValuesFrom(<http://ecoinformatics.org/oboe/oboe.1.0/oboe-core.owl#standardFor> ObjectIntersectionOf(<http://ecoinformatics.org/oboe/oboe.1.0/oboe-core.owl#Measurement> ObjectAllValuesFrom(<http://ecoinformatics.org/oboe/oboe.1.0/oboe-core.owl#ofCharacteristic> <http://ecoinformatics.org/oboe/oboe.1.0/oboe-core.owl#PhysicalCharacteristic>)))
2018-08-14 16:10:19 OwlClassAxiomVisitor - ObjectAllValuesFrom range class is anonymous: ObjectAllValuesFrom(<http://ecoinformatics.org/oboe/oboe.1.0/oboe-core.owl#standardFor> ObjectIntersectionOf(<http://ecoinformatics.org/oboe/oboe.1.0/oboe-core.owl#Measurement> ObjectAllValuesFrom(<http://ecoinformatics.org/oboe/oboe.1.0/oboe-core.owl#hasValue> <http://ecoinformatics.org/oboe/oboe.1.0/oboe-core.owl#Decimal>)))
2018-08-14 16:11:31 InputStreamConverter - Converting input streams...
2018-08-14 16:11:33 InputStreamConverter - Ontologies loaded! Main Ontology: http://ecoinformatics.org/oboe/oboe.1.0/oboe-core.owl
2018-08-14 16:11:33 OwlClassAxiomVisitor - Specification of cardinalities not supported yet: ObjectExactCardinality(1 <http://ecoinformatics.org/oboe/oboe.1.0/oboe-core.owl#hasNextQualifier> <http://ecoinformatics.org/oboe/oboe.1.0/oboe-core.owl#CharacteristicQualifier>)
2018-08-14 16:11:33 OwlClassAxiomVisitor - Specification of cardinalities not supported yet: ObjectExactCardinality(1 <http://ecoinformatics.org/oboe/oboe.1.0/oboe-core.owl#hasBaseQualifier> <http://ecoinformatics.org/oboe/oboe.1.0/oboe-core.owl#BaseCharacteristicQualifier>)
2018-08-14 16:11:33 OwlClassAxiomVisitor - Specification of cardinalities not supported yet: ObjectMinCardinality(2 <http://ecoinformatics.org/oboe/oboe.1.0/oboe-core.owl#hasUnit> ObjectUnionOf(<http://ecoinformatics.org/oboe/oboe.1.0/oboe-core.owl#BaseUnit> <http://ecoinformatics.org/oboe/oboe.1.0/oboe-core.owl#DerivedUnit>))
2018-08-14 16:11:33 OwlClassAxiomVisitor - Anonymous operand in object complement of.
2018-08-14 16:11:33 OwlClassAxiomVisitor - Specification of cardinalities not supported yet: ObjectExactCardinality(1 <http://ecoinformatics.org/oboe/oboe.1.0/oboe-core.owl#hasUnit> ObjectUnionOf(<http://ecoinformatics.org/oboe/oboe.1.0/oboe-core.owl#BaseUnit> <http://ecoinformatics.org/oboe/oboe.1.0/oboe-core.owl#DerivedUnit>))
2018-08-14 16:11:33 OwlClassAxiomVisitor - Anonymous operand in object complement of.
2018-08-14 16:11:33 OwlClassAxiomVisitor - ObjectAllValuesFrom range class is anonymous: ObjectAllValuesFrom(<http://ecoinformatics.org/oboe/oboe.1.0/oboe-core.owl#standardFor> ObjectIntersectionOf(<http://ecoinformatics.org/oboe/oboe.1.0/oboe-core.owl#Measurement> ObjectAllValuesFrom(<http://ecoinformatics.org/oboe/oboe.1.0/oboe-core.owl#ofCharacteristic> <http://ecoinformatics.org/oboe/oboe.1.0/oboe-core.owl#PhysicalCharacteristic>)))
2018-08-14 16:11:33 OwlClassAxiomVisitor - ObjectAllValuesFrom range class is anonymous: ObjectAllValuesFrom(<http://ecoinformatics.org/oboe/oboe.1.0/oboe-core.owl#standardFor> ObjectIntersectionOf(<http://ecoinformatics.org/oboe/oboe.1.0/oboe-core.owl#Measurement> ObjectAllValuesFrom(<http://ecoinformatics.org/oboe/oboe.1.0/oboe-core.owl#hasValue> <http://ecoinformatics.org/oboe/oboe.1.0/oboe-core.owl#Decimal>)))
2018-08-14 16:12:19 InputStreamConverter - Converting input streams...
2018-08-14 16:12:21 InputStreamConverter - Ontologies loaded! Main Ontology: http://ecoinformatics.org/oboe/oboe.1.0/oboe-core.owl
2018-08-14 16:12:21 OwlClassAxiomVisitor - Specification of cardinalities not supported yet: ObjectExactCardinality(1 <http://ecoinformatics.org/oboe/oboe.1.0/oboe-core.owl#hasNextQualifier> <http://ecoinformatics.org/oboe/oboe.1.0/oboe-core.owl#CharacteristicQualifier>)
2018-08-14 16:12:21 OwlClassAxiomVisitor - Specification of cardinalities not supported yet: ObjectExactCardinality(1 <http://ecoinformatics.org/oboe/oboe.1.0/oboe-core.owl#hasBaseQualifier> <http://ecoinformatics.org/oboe/oboe.1.0/oboe-core.owl#BaseCharacteristicQualifier>)
2018-08-14 16:12:21 OwlClassAxiomVisitor - Specification of cardinalities not supported yet: ObjectMinCardinality(2 <http://ecoinformatics.org/oboe/oboe.1.0/oboe-core.owl#hasUnit> ObjectUnionOf(<http://ecoinformatics.org/oboe/oboe.1.0/oboe-core.owl#BaseUnit> <http://ecoinformatics.org/oboe/oboe.1.0/oboe-core.owl#DerivedUnit>))
2018-08-14 16:12:21 OwlClassAxiomVisitor - Anonymous operand in object complement of.
2018-08-14 16:12:21 OwlClassAxiomVisitor - Specification of cardinalities not supported yet: ObjectExactCardinality(1 <http://ecoinformatics.org/oboe/oboe.1.0/oboe-core.owl#hasUnit> ObjectUnionOf(<http://ecoinformatics.org/oboe/oboe.1.0/oboe-core.owl#BaseUnit> <http://ecoinformatics.org/oboe/oboe.1.0/oboe-core.owl#DerivedUnit>))
2018-08-14 16:12:21 OwlClassAxiomVisitor - Anonymous operand in object complement of.
2018-08-14 16:12:21 OwlClassAxiomVisitor - ObjectAllValuesFrom range class is anonymous: ObjectAllValuesFrom(<http://ecoinformatics.org/oboe/oboe.1.0/oboe-core.owl#standardFor> ObjectIntersectionOf(<http://ecoinformatics.org/oboe/oboe.1.0/oboe-core.owl#Measurement> ObjectAllValuesFrom(<http://ecoinformatics.org/oboe/oboe.1.0/oboe-core.owl#ofCharacteristic> <http://ecoinformatics.org/oboe/oboe.1.0/oboe-core.owl#PhysicalCharacteristic>)))
2018-08-14 16:12:21 OwlClassAxiomVisitor - ObjectAllValuesFrom range class is anonymous: ObjectAllValuesFrom(<http://ecoinformatics.org/oboe/oboe.1.0/oboe-core.owl#standardFor> ObjectIntersectionOf(<http://ecoinformatics.org/oboe/oboe.1.0/oboe-core.owl#Measurement> ObjectAllValuesFrom(<http://ecoinformatics.org/oboe/oboe.1.0/oboe-core.owl#hasValue> <http://ecoinformatics.org/oboe/oboe.1.0/oboe-core.owl#Decimal>)))
2018-08-14 16:14:31 InputStreamConverter - Converting input streams...
2018-08-14 16:14:33 InputStreamConverter - Ontologies loaded! Main Ontology: http://ecoinformatics.org/oboe/oboe.1.0/oboe-core.owl
2018-08-14 16:14:34 OwlClassAxiomVisitor - Specification of cardinalities not supported yet: ObjectExactCardinality(1 <http://ecoinformatics.org/oboe/oboe.1.0/oboe-core.owl#hasNextQualifier> <http://ecoinformatics.org/oboe/oboe.1.0/oboe-core.owl#CharacteristicQualifier>)
2018-08-14 16:14:34 OwlClassAxiomVisitor - Specification of cardinalities not supported yet: ObjectExactCardinality(1 <http://ecoinformatics.org/oboe/oboe.1.0/oboe-core.owl#hasBaseQualifier> <http://ecoinformatics.org/oboe/oboe.1.0/oboe-core.owl#BaseCharacteristicQualifier>)
2018-08-14 16:14:34 OwlClassAxiomVisitor - Specification of cardinalities not supported yet: ObjectMinCardinality(2 <http://ecoinformatics.org/oboe/oboe.1.0/oboe-core.owl#hasUnit> ObjectUnionOf(<http://ecoinformatics.org/oboe/oboe.1.0/oboe-core.owl#BaseUnit> <http://ecoinformatics.org/oboe/oboe.1.0/oboe-core.owl#DerivedUnit>))
2018-08-14 16:14:34 OwlClassAxiomVisitor - Anonymous operand in object complement of.
2018-08-14 16:14:34 OwlClassAxiomVisitor - Specification of cardinalities not supported yet: ObjectExactCardinality(1 <http://ecoinformatics.org/oboe/oboe.1.0/oboe-core.owl#hasUnit> ObjectUnionOf(<http://ecoinformatics.org/oboe/oboe.1.0/oboe-core.owl#BaseUnit> <http://ecoinformatics.org/oboe/oboe.1.0/oboe-core.owl#DerivedUnit>))
2018-08-14 16:14:34 OwlClassAxiomVisitor - Anonymous operand in object complement of.
2018-08-14 16:14:34 OwlClassAxiomVisitor - ObjectAllValuesFrom range class is anonymous: ObjectAllValuesFrom(<http://ecoinformatics.org/oboe/oboe.1.0/oboe-core.owl#standardFor> ObjectIntersectionOf(<http://ecoinformatics.org/oboe/oboe.1.0/oboe-core.owl#Measurement> ObjectAllValuesFrom(<http://ecoinformatics.org/oboe/oboe.1.0/oboe-core.owl#ofCharacteristic> <http://ecoinformatics.org/oboe/oboe.1.0/oboe-core.owl#PhysicalCharacteristic>)))
2018-08-14 16:14:34 OwlClassAxiomVisitor - ObjectAllValuesFrom range class is anonymous: ObjectAllValuesFrom(<http://ecoinformatics.org/oboe/oboe.1.0/oboe-core.owl#standardFor> ObjectIntersectionOf(<http://ecoinformatics.org/oboe/oboe.1.0/oboe-core.owl#Measurement> ObjectAllValuesFrom(<http://ecoinformatics.org/oboe/oboe.1.0/oboe-core.owl#hasValue> <http://ecoinformatics.org/oboe/oboe.1.0/oboe-core.owl#Decimal>)))
2018-08-14 16:16:08 InputStreamConverter - Converting input streams...
2018-08-14 16:16:10 InputStreamConverter - Ontologies loaded! Main Ontology: http://ecoinformatics.org/oboe/oboe.1.0/oboe-core.owl
2018-08-14 16:16:10 OwlClassAxiomVisitor - Specification of cardinalities not supported yet: ObjectExactCardinality(1 <http://ecoinformatics.org/oboe/oboe.1.0/oboe-core.owl#hasNextQualifier> <http://ecoinformatics.org/oboe/oboe.1.0/oboe-core.owl#CharacteristicQualifier>)
2018-08-14 16:16:10 OwlClassAxiomVisitor - Specification of cardinalities not supported yet: ObjectExactCardinality(1 <http://ecoinformatics.org/oboe/oboe.1.0/oboe-core.owl#hasBaseQualifier> <http://ecoinformatics.org/oboe/oboe.1.0/oboe-core.owl#BaseCharacteristicQualifier>)
2018-08-14 16:16:10 OwlClassAxiomVisitor - Specification of cardinalities not supported yet: ObjectMinCardinality(2 <http://ecoinformatics.org/oboe/oboe.1.0/oboe-core.owl#hasUnit> ObjectUnionOf(<http://ecoinformatics.org/oboe/oboe.1.0/oboe-core.owl#BaseUnit> <http://ecoinformatics.org/oboe/oboe.1.0/oboe-core.owl#DerivedUnit>))
2018-08-14 16:16:10 OwlClassAxiomVisitor - Anonymous operand in object complement of.
2018-08-14 16:16:10 OwlClassAxiomVisitor - Specification of cardinalities not supported yet: ObjectExactCardinality(1 <http://ecoinformatics.org/oboe/oboe.1.0/oboe-core.owl#hasUnit> ObjectUnionOf(<http://ecoinformatics.org/oboe/oboe.1.0/oboe-core.owl#BaseUnit> <http://ecoinformatics.org/oboe/oboe.1.0/oboe-core.owl#DerivedUnit>))
2018-08-14 16:16:10 OwlClassAxiomVisitor - Anonymous operand in object complement of.
2018-08-14 16:16:10 OwlClassAxiomVisitor - ObjectAllValuesFrom range class is anonymous: ObjectAllValuesFrom(<http://ecoinformatics.org/oboe/oboe.1.0/oboe-core.owl#standardFor> ObjectIntersectionOf(<http://ecoinformatics.org/oboe/oboe.1.0/oboe-core.owl#Measurement> ObjectAllValuesFrom(<http://ecoinformatics.org/oboe/oboe.1.0/oboe-core.owl#ofCharacteristic> <http://ecoinformatics.org/oboe/oboe.1.0/oboe-core.owl#PhysicalCharacteristic>)))
2018-08-14 16:16:10 OwlClassAxiomVisitor - ObjectAllValuesFrom range class is anonymous: ObjectAllValuesFrom(<http://ecoinformatics.org/oboe/oboe.1.0/oboe-core.owl#standardFor> ObjectIntersectionOf(<http://ecoinformatics.org/oboe/oboe.1.0/oboe-core.owl#Measurement> ObjectAllValuesFrom(<http://ecoinformatics.org/oboe/oboe.1.0/oboe-core.owl#hasValue> <http://ecoinformatics.org/oboe/oboe.1.0/oboe-core.owl#Decimal>)))
2018-08-14 16:16:32 InputStreamConverter - Converting input streams...
2018-08-14 16:16:32 InputStreamConverter - Ontologies loaded! Main Ontology: http://ecoinformatics.org/oboe/oboe.1.0/oboe-core.owl
2018-08-14 16:16:32 OwlClassAxiomVisitor - Specification of cardinalities not supported yet: ObjectExactCardinality(1 <http://ecoinformatics.org/oboe/oboe.1.0/oboe-core.owl#hasNextQualifier> <http://ecoinformatics.org/oboe/oboe.1.0/oboe-core.owl#CharacteristicQualifier>)
2018-08-14 16:16:32 OwlClassAxiomVisitor - Specification of cardinalities not supported yet: ObjectExactCardinality(1 <http://ecoinformatics.org/oboe/oboe.1.0/oboe-core.owl#hasBaseQualifier> <http://ecoinformatics.org/oboe/oboe.1.0/oboe-core.owl#BaseCharacteristicQualifier>)
2018-08-14 16:16:32 OwlClassAxiomVisitor - Specification of cardinalities not supported yet: ObjectMinCardinality(2 <http://ecoinformatics.org/oboe/oboe.1.0/oboe-core.owl#hasUnit> ObjectUnionOf(<http://ecoinformatics.org/oboe/oboe.1.0/oboe-core.owl#BaseUnit> <http://ecoinformatics.org/oboe/oboe.1.0/oboe-core.owl#DerivedUnit>))
2018-08-14 16:16:32 OwlClassAxiomVisitor - Anonymous operand in object complement of.
2018-08-14 16:16:32 OwlClassAxiomVisitor - Specification of cardinalities not supported yet: ObjectExactCardinality(1 <http://ecoinformatics.org/oboe/oboe.1.0/oboe-core.owl#hasUnit> ObjectUnionOf(<http://ecoinformatics.org/oboe/oboe.1.0/oboe-core.owl#BaseUnit> <http://ecoinformatics.org/oboe/oboe.1.0/oboe-core.owl#DerivedUnit>))
2018-08-14 16:16:32 OwlClassAxiomVisitor - Anonymous operand in object complement of.
2018-08-14 16:16:32 OwlClassAxiomVisitor - ObjectAllValuesFrom range class is anonymous: ObjectAllValuesFrom(<http://ecoinformatics.org/oboe/oboe.1.0/oboe-core.owl#standardFor> ObjectIntersectionOf(<http://ecoinformatics.org/oboe/oboe.1.0/oboe-core.owl#Measurement> ObjectAllValuesFrom(<http://ecoinformatics.org/oboe/oboe.1.0/oboe-core.owl#ofCharacteristic> <http://ecoinformatics.org/oboe/oboe.1.0/oboe-core.owl#PhysicalCharacteristic>)))
2018-08-14 16:16:32 OwlClassAxiomVisitor - ObjectAllValuesFrom range class is anonymous: ObjectAllValuesFrom(<http://ecoinformatics.org/oboe/oboe.1.0/oboe-core.owl#standardFor> ObjectIntersectionOf(<http://ecoinformatics.org/oboe/oboe.1.0/oboe-core.owl#Measurement> ObjectAllValuesFrom(<http://ecoinformatics.org/oboe/oboe.1.0/oboe-core.owl#hasValue> <http://ecoinformatics.org/oboe/oboe.1.0/oboe-core.owl#Decimal>)))
2018-08-14 16:17:30 InputStreamConverter - Converting input streams...
2018-08-14 16:17:32 InputStreamConverter - Ontologies loaded! Main Ontology: http://ecoinformatics.org/oboe/oboe.1.0/oboe-core.owl
2018-08-14 16:17:32 OwlClassAxiomVisitor - Specification of cardinalities not supported yet: ObjectExactCardinality(1 <http://ecoinformatics.org/oboe/oboe.1.0/oboe-core.owl#hasNextQualifier> <http://ecoinformatics.org/oboe/oboe.1.0/oboe-core.owl#CharacteristicQualifier>)
2018-08-14 16:17:32 OwlClassAxiomVisitor - Specification of cardinalities not supported yet: ObjectExactCardinality(1 <http://ecoinformatics.org/oboe/oboe.1.0/oboe-core.owl#hasBaseQualifier> <http://ecoinformatics.org/oboe/oboe.1.0/oboe-core.owl#BaseCharacteristicQualifier>)
2018-08-14 16:17:32 OwlClassAxiomVisitor - Specification of cardinalities not supported yet: ObjectMinCardinality(2 <http://ecoinformatics.org/oboe/oboe.1.0/oboe-core.owl#hasUnit> ObjectUnionOf(<http://ecoinformatics.org/oboe/oboe.1.0/oboe-core.owl#BaseUnit> <http://ecoinformatics.org/oboe/oboe.1.0/oboe-core.owl#DerivedUnit>))
2018-08-14 16:17:32 OwlClassAxiomVisitor - Anonymous operand in object complement of.
2018-08-14 16:17:32 OwlClassAxiomVisitor - Specification of cardinalities not supported yet: ObjectExactCardinality(1 <http://ecoinformatics.org/oboe/oboe.1.0/oboe-core.owl#hasUnit> ObjectUnionOf(<http://ecoinformatics.org/oboe/oboe.1.0/oboe-core.owl#BaseUnit> <http://ecoinformatics.org/oboe/oboe.1.0/oboe-core.owl#DerivedUnit>))
2018-08-14 16:17:32 OwlClassAxiomVisitor - Anonymous operand in object complement of.
2018-08-14 16:17:32 OwlClassAxiomVisitor - ObjectAllValuesFrom range class is anonymous: ObjectAllValuesFrom(<http://ecoinformatics.org/oboe/oboe.1.0/oboe-core.owl#standardFor> ObjectIntersectionOf(<http://ecoinformatics.org/oboe/oboe.1.0/oboe-core.owl#Measurement> ObjectAllValuesFrom(<http://ecoinformatics.org/oboe/oboe.1.0/oboe-core.owl#ofCharacteristic> <http://ecoinformatics.org/oboe/oboe.1.0/oboe-core.owl#PhysicalCharacteristic>)))
2018-08-14 16:17:32 OwlClassAxiomVisitor - ObjectAllValuesFrom range class is anonymous: ObjectAllValuesFrom(<http://ecoinformatics.org/oboe/oboe.1.0/oboe-core.owl#standardFor> ObjectIntersectionOf(<http://ecoinformatics.org/oboe/oboe.1.0/oboe-core.owl#Measurement> ObjectAllValuesFrom(<http://ecoinformatics.org/oboe/oboe.1.0/oboe-core.owl#hasValue> <http://ecoinformatics.org/oboe/oboe.1.0/oboe-core.owl#Decimal>)))
2018-08-14 16:18:11 InputStreamConverter - Converting input streams...
2018-08-14 16:18:13 InputStreamConverter - Ontologies loaded! Main Ontology: http://ecoinformatics.org/oboe/oboe.1.0/oboe-core.owl
2018-08-14 16:18:13 OwlClassAxiomVisitor - Specification of cardinalities not supported yet: ObjectExactCardinality(1 <http://ecoinformatics.org/oboe/oboe.1.0/oboe-core.owl#hasNextQualifier> <http://ecoinformatics.org/oboe/oboe.1.0/oboe-core.owl#CharacteristicQualifier>)
2018-08-14 16:18:13 OwlClassAxiomVisitor - Specification of cardinalities not supported yet: ObjectExactCardinality(1 <http://ecoinformatics.org/oboe/oboe.1.0/oboe-core.owl#hasBaseQualifier> <http://ecoinformatics.org/oboe/oboe.1.0/oboe-core.owl#BaseCharacteristicQualifier>)
2018-08-14 16:18:13 OwlClassAxiomVisitor - Specification of cardinalities not supported yet: ObjectMinCardinality(2 <http://ecoinformatics.org/oboe/oboe.1.0/oboe-core.owl#hasUnit> ObjectUnionOf(<http://ecoinformatics.org/oboe/oboe.1.0/oboe-core.owl#BaseUnit> <http://ecoinformatics.org/oboe/oboe.1.0/oboe-core.owl#DerivedUnit>))
2018-08-14 16:18:13 OwlClassAxiomVisitor - Anonymous operand in object complement of.
2018-08-14 16:18:13 OwlClassAxiomVisitor - Specification of cardinalities not supported yet: ObjectExactCardinality(1 <http://ecoinformatics.org/oboe/oboe.1.0/oboe-core.owl#hasUnit> ObjectUnionOf(<http://ecoinformatics.org/oboe/oboe.1.0/oboe-core.owl#BaseUnit> <http://ecoinformatics.org/oboe/oboe.1.0/oboe-core.owl#DerivedUnit>))
2018-08-14 16:18:13 OwlClassAxiomVisitor - Anonymous operand in object complement of.
2018-08-14 16:18:13 OwlClassAxiomVisitor - ObjectAllValuesFrom range class is anonymous: ObjectAllValuesFrom(<http://ecoinformatics.org/oboe/oboe.1.0/oboe-core.owl#standardFor> ObjectIntersectionOf(<http://ecoinformatics.org/oboe/oboe.1.0/oboe-core.owl#Measurement> ObjectAllValuesFrom(<http://ecoinformatics.org/oboe/oboe.1.0/oboe-core.owl#ofCharacteristic> <http://ecoinformatics.org/oboe/oboe.1.0/oboe-core.owl#PhysicalCharacteristic>)))
2018-08-14 16:18:13 OwlClassAxiomVisitor - ObjectAllValuesFrom range class is anonymous: ObjectAllValuesFrom(<http://ecoinformatics.org/oboe/oboe.1.0/oboe-core.owl#standardFor> ObjectIntersectionOf(<http://ecoinformatics.org/oboe/oboe.1.0/oboe-core.owl#Measurement> ObjectAllValuesFrom(<http://ecoinformatics.org/oboe/oboe.1.0/oboe-core.owl#hasValue> <http://ecoinformatics.org/oboe/oboe.1.0/oboe-core.owl#Decimal>)))
2018-08-14 16:23:16 InputStreamConverter - Converting input streams...
2018-08-14 16:23:18 InputStreamConverter - Ontologies loaded! Main Ontology: http://ecoinformatics.org/oboe/oboe.1.0/oboe-core.owl
2018-08-14 16:23:18 OwlClassAxiomVisitor - Specification of cardinalities not supported yet: ObjectExactCardinality(1 <http://ecoinformatics.org/oboe/oboe.1.0/oboe-core.owl#hasNextQualifier> <http://ecoinformatics.org/oboe/oboe.1.0/oboe-core.owl#CharacteristicQualifier>)
2018-08-14 16:23:18 OwlClassAxiomVisitor - Specification of cardinalities not supported yet: ObjectExactCardinality(1 <http://ecoinformatics.org/oboe/oboe.1.0/oboe-core.owl#hasBaseQualifier> <http://ecoinformatics.org/oboe/oboe.1.0/oboe-core.owl#BaseCharacteristicQualifier>)
2018-08-14 16:23:18 OwlClassAxiomVisitor - Specification of cardinalities not supported yet: ObjectMinCardinality(2 <http://ecoinformatics.org/oboe/oboe.1.0/oboe-core.owl#hasUnit> ObjectUnionOf(<http://ecoinformatics.org/oboe/oboe.1.0/oboe-core.owl#BaseUnit> <http://ecoinformatics.org/oboe/oboe.1.0/oboe-core.owl#DerivedUnit>))
2018-08-14 16:23:18 OwlClassAxiomVisitor - Anonymous operand in object complement of.
2018-08-14 16:23:18 OwlClassAxiomVisitor - Specification of cardinalities not supported yet: ObjectExactCardinality(1 <http://ecoinformatics.org/oboe/oboe.1.0/oboe-core.owl#hasUnit> ObjectUnionOf(<http://ecoinformatics.org/oboe/oboe.1.0/oboe-core.owl#BaseUnit> <http://ecoinformatics.org/oboe/oboe.1.0/oboe-core.owl#DerivedUnit>))
2018-08-14 16:23:18 OwlClassAxiomVisitor - Anonymous operand in object complement of.
2018-08-14 16:23:18 OwlClassAxiomVisitor - ObjectAllValuesFrom range class is anonymous: ObjectAllValuesFrom(<http://ecoinformatics.org/oboe/oboe.1.0/oboe-core.owl#standardFor> ObjectIntersectionOf(<http://ecoinformatics.org/oboe/oboe.1.0/oboe-core.owl#Measurement> ObjectAllValuesFrom(<http://ecoinformatics.org/oboe/oboe.1.0/oboe-core.owl#ofCharacteristic> <http://ecoinformatics.org/oboe/oboe.1.0/oboe-core.owl#PhysicalCharacteristic>)))
2018-08-14 16:23:18 OwlClassAxiomVisitor - ObjectAllValuesFrom range class is anonymous: ObjectAllValuesFrom(<http://ecoinformatics.org/oboe/oboe.1.0/oboe-core.owl#standardFor> ObjectIntersectionOf(<http://ecoinformatics.org/oboe/oboe.1.0/oboe-core.owl#Measurement> ObjectAllValuesFrom(<http://ecoinformatics.org/oboe/oboe.1.0/oboe-core.owl#hasValue> <http://ecoinformatics.org/oboe/oboe.1.0/oboe-core.owl#Decimal>)))
2018-08-14 16:24:26 InputStreamConverter - Converting input streams...
2018-08-14 16:24:28 InputStreamConverter - Ontologies loaded! Main Ontology: http://ecoinformatics.org/oboe/oboe.1.0/oboe-core.owl
2018-08-14 16:24:28 OwlClassAxiomVisitor - Specification of cardinalities not supported yet: ObjectExactCardinality(1 <http://ecoinformatics.org/oboe/oboe.1.0/oboe-core.owl#hasNextQualifier> <http://ecoinformatics.org/oboe/oboe.1.0/oboe-core.owl#CharacteristicQualifier>)
2018-08-14 16:24:28 OwlClassAxiomVisitor - Specification of cardinalities not supported yet: ObjectExactCardinality(1 <http://ecoinformatics.org/oboe/oboe.1.0/oboe-core.owl#hasBaseQualifier> <http://ecoinformatics.org/oboe/oboe.1.0/oboe-core.owl#BaseCharacteristicQualifier>)
2018-08-14 16:24:28 OwlClassAxiomVisitor - Specification of cardinalities not supported yet: ObjectMinCardinality(2 <http://ecoinformatics.org/oboe/oboe.1.0/oboe-core.owl#hasUnit> ObjectUnionOf(<http://ecoinformatics.org/oboe/oboe.1.0/oboe-core.owl#BaseUnit> <http://ecoinformatics.org/oboe/oboe.1.0/oboe-core.owl#DerivedUnit>))
2018-08-14 16:24:28 OwlClassAxiomVisitor - Anonymous operand in object complement of.
2018-08-14 16:24:28 OwlClassAxiomVisitor - Specification of cardinalities not supported yet: ObjectExactCardinality(1 <http://ecoinformatics.org/oboe/oboe.1.0/oboe-core.owl#hasUnit> ObjectUnionOf(<http://ecoinformatics.org/oboe/oboe.1.0/oboe-core.owl#BaseUnit> <http://ecoinformatics.org/oboe/oboe.1.0/oboe-core.owl#DerivedUnit>))
2018-08-14 16:24:28 OwlClassAxiomVisitor - Anonymous operand in object complement of.
2018-08-14 16:24:28 OwlClassAxiomVisitor - ObjectAllValuesFrom range class is anonymous: ObjectAllValuesFrom(<http://ecoinformatics.org/oboe/oboe.1.0/oboe-core.owl#standardFor> ObjectIntersectionOf(<http://ecoinformatics.org/oboe/oboe.1.0/oboe-core.owl#Measurement> ObjectAllValuesFrom(<http://ecoinformatics.org/oboe/oboe.1.0/oboe-core.owl#ofCharacteristic> <http://ecoinformatics.org/oboe/oboe.1.0/oboe-core.owl#PhysicalCharacteristic>)))
2018-08-14 16:24:28 OwlClassAxiomVisitor - ObjectAllValuesFrom range class is anonymous: ObjectAllValuesFrom(<http://ecoinformatics.org/oboe/oboe.1.0/oboe-core.owl#standardFor> ObjectIntersectionOf(<http://ecoinformatics.org/oboe/oboe.1.0/oboe-core.owl#Measurement> ObjectAllValuesFrom(<http://ecoinformatics.org/oboe/oboe.1.0/oboe-core.owl#hasValue> <http://ecoinformatics.org/oboe/oboe.1.0/oboe-core.owl#Decimal>)))
2018-08-14 16:26:19 InputStreamConverter - Converting input streams...
2018-08-14 16:26:21 InputStreamConverter - Ontologies loaded! Main Ontology: http://ecoinformatics.org/oboe/oboe.1.0/oboe-core.owl
2018-08-14 16:26:21 OwlClassAxiomVisitor - Specification of cardinalities not supported yet: ObjectExactCardinality(1 <http://ecoinformatics.org/oboe/oboe.1.0/oboe-core.owl#hasNextQualifier> <http://ecoinformatics.org/oboe/oboe.1.0/oboe-core.owl#CharacteristicQualifier>)
2018-08-14 16:26:21 OwlClassAxiomVisitor - Specification of cardinalities not supported yet: ObjectExactCardinality(1 <http://ecoinformatics.org/oboe/oboe.1.0/oboe-core.owl#hasBaseQualifier> <http://ecoinformatics.org/oboe/oboe.1.0/oboe-core.owl#BaseCharacteristicQualifier>)
2018-08-14 16:26:21 OwlClassAxiomVisitor - Specification of cardinalities not supported yet: ObjectMinCardinality(2 <http://ecoinformatics.org/oboe/oboe.1.0/oboe-core.owl#hasUnit> ObjectUnionOf(<http://ecoinformatics.org/oboe/oboe.1.0/oboe-core.owl#BaseUnit> <http://ecoinformatics.org/oboe/oboe.1.0/oboe-core.owl#DerivedUnit>))
2018-08-14 16:26:21 OwlClassAxiomVisitor - Anonymous operand in object complement of.
2018-08-14 16:26:21 OwlClassAxiomVisitor - Specification of cardinalities not supported yet: ObjectExactCardinality(1 <http://ecoinformatics.org/oboe/oboe.1.0/oboe-core.owl#hasUnit> ObjectUnionOf(<http://ecoinformatics.org/oboe/oboe.1.0/oboe-core.owl#BaseUnit> <http://ecoinformatics.org/oboe/oboe.1.0/oboe-core.owl#DerivedUnit>))
2018-08-14 16:26:21 OwlClassAxiomVisitor - Anonymous operand in object complement of.
2018-08-14 16:26:21 OwlClassAxiomVisitor - ObjectAllValuesFrom range class is anonymous: ObjectAllValuesFrom(<http://ecoinformatics.org/oboe/oboe.1.0/oboe-core.owl#standardFor> ObjectIntersectionOf(<http://ecoinformatics.org/oboe/oboe.1.0/oboe-core.owl#Measurement> ObjectAllValuesFrom(<http://ecoinformatics.org/oboe/oboe.1.0/oboe-core.owl#ofCharacteristic> <http://ecoinformatics.org/oboe/oboe.1.0/oboe-core.owl#PhysicalCharacteristic>)))
2018-08-14 16:26:21 OwlClassAxiomVisitor - ObjectAllValuesFrom range class is anonymous: ObjectAllValuesFrom(<http://ecoinformatics.org/oboe/oboe.1.0/oboe-core.owl#standardFor> ObjectIntersectionOf(<http://ecoinformatics.org/oboe/oboe.1.0/oboe-core.owl#Measurement> ObjectAllValuesFrom(<http://ecoinformatics.org/oboe/oboe.1.0/oboe-core.owl#hasValue> <http://ecoinformatics.org/oboe/oboe.1.0/oboe-core.owl#Decimal>)))
2018-08-14 16:31:03 InputStreamConverter - Converting input streams...
2018-08-14 16:31:04 InputStreamConverter - Ontologies loaded! Main Ontology: http://ecoinformatics.org/oboe/oboe.1.0/oboe-core.owl
2018-08-14 16:31:04 OwlClassAxiomVisitor - Specification of cardinalities not supported yet: ObjectExactCardinality(1 <http://ecoinformatics.org/oboe/oboe.1.0/oboe-core.owl#hasNextQualifier> <http://ecoinformatics.org/oboe/oboe.1.0/oboe-core.owl#CharacteristicQualifier>)
2018-08-14 16:31:04 OwlClassAxiomVisitor - Specification of cardinalities not supported yet: ObjectExactCardinality(1 <http://ecoinformatics.org/oboe/oboe.1.0/oboe-core.owl#hasBaseQualifier> <http://ecoinformatics.org/oboe/oboe.1.0/oboe-core.owl#BaseCharacteristicQualifier>)
2018-08-14 16:31:04 OwlClassAxiomVisitor - Specification of cardinalities not supported yet: ObjectMinCardinality(2 <http://ecoinformatics.org/oboe/oboe.1.0/oboe-core.owl#hasUnit> ObjectUnionOf(<http://ecoinformatics.org/oboe/oboe.1.0/oboe-core.owl#BaseUnit> <http://ecoinformatics.org/oboe/oboe.1.0/oboe-core.owl#DerivedUnit>))
2018-08-14 16:31:04 OwlClassAxiomVisitor - Anonymous operand in object complement of.
2018-08-14 16:31:04 OwlClassAxiomVisitor - Specification of cardinalities not supported yet: ObjectExactCardinality(1 <http://ecoinformatics.org/oboe/oboe.1.0/oboe-core.owl#hasUnit> ObjectUnionOf(<http://ecoinformatics.org/oboe/oboe.1.0/oboe-core.owl#BaseUnit> <http://ecoinformatics.org/oboe/oboe.1.0/oboe-core.owl#DerivedUnit>))
2018-08-14 16:31:04 OwlClassAxiomVisitor - Anonymous operand in object complement of.
2018-08-14 16:31:05 OwlClassAxiomVisitor - ObjectAllValuesFrom range class is anonymous: ObjectAllValuesFrom(<http://ecoinformatics.org/oboe/oboe.1.0/oboe-core.owl#standardFor> ObjectIntersectionOf(<http://ecoinformatics.org/oboe/oboe.1.0/oboe-core.owl#Measurement> ObjectAllValuesFrom(<http://ecoinformatics.org/oboe/oboe.1.0/oboe-core.owl#ofCharacteristic> <http://ecoinformatics.org/oboe/oboe.1.0/oboe-core.owl#PhysicalCharacteristic>)))
2018-08-14 16:31:05 OwlClassAxiomVisitor - ObjectAllValuesFrom range class is anonymous: ObjectAllValuesFrom(<http://ecoinformatics.org/oboe/oboe.1.0/oboe-core.owl#standardFor> ObjectIntersectionOf(<http://ecoinformatics.org/oboe/oboe.1.0/oboe-core.owl#Measurement> ObjectAllValuesFrom(<http://ecoinformatics.org/oboe/oboe.1.0/oboe-core.owl#hasValue> <http://ecoinformatics.org/oboe/oboe.1.0/oboe-core.owl#Decimal>)))
2018-08-14 16:32:56 InputStreamConverter - Converting input streams...
2018-08-14 16:32:57 InputStreamConverter - Ontologies loaded! Main Ontology: http://ecoinformatics.org/oboe/oboe.1.0/oboe-core.owl
2018-08-14 16:32:57 OwlClassAxiomVisitor - Specification of cardinalities not supported yet: ObjectExactCardinality(1 <http://ecoinformatics.org/oboe/oboe.1.0/oboe-core.owl#hasNextQualifier> <http://ecoinformatics.org/oboe/oboe.1.0/oboe-core.owl#CharacteristicQualifier>)
2018-08-14 16:32:57 OwlClassAxiomVisitor - Specification of cardinalities not supported yet: ObjectExactCardinality(1 <http://ecoinformatics.org/oboe/oboe.1.0/oboe-core.owl#hasBaseQualifier> <http://ecoinformatics.org/oboe/oboe.1.0/oboe-core.owl#BaseCharacteristicQualifier>)
2018-08-14 16:32:57 OwlClassAxiomVisitor - Specification of cardinalities not supported yet: ObjectMinCardinality(2 <http://ecoinformatics.org/oboe/oboe.1.0/oboe-core.owl#hasUnit> ObjectUnionOf(<http://ecoinformatics.org/oboe/oboe.1.0/oboe-core.owl#BaseUnit> <http://ecoinformatics.org/oboe/oboe.1.0/oboe-core.owl#DerivedUnit>))
2018-08-14 16:32:57 OwlClassAxiomVisitor - Anonymous operand in object complement of.
2018-08-14 16:32:57 OwlClassAxiomVisitor - Specification of cardinalities not supported yet: ObjectExactCardinality(1 <http://ecoinformatics.org/oboe/oboe.1.0/oboe-core.owl#hasUnit> ObjectUnionOf(<http://ecoinformatics.org/oboe/oboe.1.0/oboe-core.owl#BaseUnit> <http://ecoinformatics.org/oboe/oboe.1.0/oboe-core.owl#DerivedUnit>))
2018-08-14 16:32:57 OwlClassAxiomVisitor - Anonymous operand in object complement of.
2018-08-14 16:32:57 OwlClassAxiomVisitor - ObjectAllValuesFrom range class is anonymous: ObjectAllValuesFrom(<http://ecoinformatics.org/oboe/oboe.1.0/oboe-core.owl#standardFor> ObjectIntersectionOf(<http://ecoinformatics.org/oboe/oboe.1.0/oboe-core.owl#Measurement> ObjectAllValuesFrom(<http://ecoinformatics.org/oboe/oboe.1.0/oboe-core.owl#ofCharacteristic> <http://ecoinformatics.org/oboe/oboe.1.0/oboe-core.owl#PhysicalCharacteristic>)))
2018-08-14 16:32:57 OwlClassAxiomVisitor - ObjectAllValuesFrom range class is anonymous: ObjectAllValuesFrom(<http://ecoinformatics.org/oboe/oboe.1.0/oboe-core.owl#standardFor> ObjectIntersectionOf(<http://ecoinformatics.org/oboe/oboe.1.0/oboe-core.owl#Measurement> ObjectAllValuesFrom(<http://ecoinformatics.org/oboe/oboe.1.0/oboe-core.owl#hasValue> <http://ecoinformatics.org/oboe/oboe.1.0/oboe-core.owl#Decimal>)))
2018-08-14 16:33:15 InputStreamConverter - Converting input streams...
2018-08-14 16:33:15 InputStreamConverter - Ontologies loaded! Main Ontology: http://ecoinformatics.org/oboe/oboe.1.0/oboe-core.owl
2018-08-14 16:33:15 OwlClassAxiomVisitor - Specification of cardinalities not supported yet: ObjectExactCardinality(1 <http://ecoinformatics.org/oboe/oboe.1.0/oboe-core.owl#hasNextQualifier> <http://ecoinformatics.org/oboe/oboe.1.0/oboe-core.owl#CharacteristicQualifier>)
2018-08-14 16:33:15 OwlClassAxiomVisitor - Specification of cardinalities not supported yet: ObjectExactCardinality(1 <http://ecoinformatics.org/oboe/oboe.1.0/oboe-core.owl#hasBaseQualifier> <http://ecoinformatics.org/oboe/oboe.1.0/oboe-core.owl#BaseCharacteristicQualifier>)
2018-08-14 16:33:15 OwlClassAxiomVisitor - Specification of cardinalities not supported yet: ObjectMinCardinality(2 <http://ecoinformatics.org/oboe/oboe.1.0/oboe-core.owl#hasUnit> ObjectUnionOf(<http://ecoinformatics.org/oboe/oboe.1.0/oboe-core.owl#BaseUnit> <http://ecoinformatics.org/oboe/oboe.1.0/oboe-core.owl#DerivedUnit>))
2018-08-14 16:33:15 OwlClassAxiomVisitor - Anonymous operand in object complement of.
2018-08-14 16:33:15 OwlClassAxiomVisitor - Specification of cardinalities not supported yet: ObjectExactCardinality(1 <http://ecoinformatics.org/oboe/oboe.1.0/oboe-core.owl#hasUnit> ObjectUnionOf(<http://ecoinformatics.org/oboe/oboe.1.0/oboe-core.owl#BaseUnit> <http://ecoinformatics.org/oboe/oboe.1.0/oboe-core.owl#DerivedUnit>))
2018-08-14 16:33:15 OwlClassAxiomVisitor - Anonymous operand in object complement of.
2018-08-14 16:33:15 OwlClassAxiomVisitor - ObjectAllValuesFrom range class is anonymous: ObjectAllValuesFrom(<http://ecoinformatics.org/oboe/oboe.1.0/oboe-core.owl#standardFor> ObjectIntersectionOf(<http://ecoinformatics.org/oboe/oboe.1.0/oboe-core.owl#Measurement> ObjectAllValuesFrom(<http://ecoinformatics.org/oboe/oboe.1.0/oboe-core.owl#ofCharacteristic> <http://ecoinformatics.org/oboe/oboe.1.0/oboe-core.owl#PhysicalCharacteristic>)))
2018-08-14 16:33:15 OwlClassAxiomVisitor - ObjectAllValuesFrom range class is anonymous: ObjectAllValuesFrom(<http://ecoinformatics.org/oboe/oboe.1.0/oboe-core.owl#standardFor> ObjectIntersectionOf(<http://ecoinformatics.org/oboe/oboe.1.0/oboe-core.owl#Measurement> ObjectAllValuesFrom(<http://ecoinformatics.org/oboe/oboe.1.0/oboe-core.owl#hasValue> <http://ecoinformatics.org/oboe/oboe.1.0/oboe-core.owl#Decimal>)))
2018-08-14 16:37:11 InputStreamConverter - Converting input streams...
2018-08-14 16:37:13 InputStreamConverter - Ontologies loaded! Main Ontology: http://ecoinformatics.org/oboe/oboe.1.0/oboe-core.owl
2018-08-14 16:37:13 OwlClassAxiomVisitor - Specification of cardinalities not supported yet: ObjectExactCardinality(1 <http://ecoinformatics.org/oboe/oboe.1.0/oboe-core.owl#hasNextQualifier> <http://ecoinformatics.org/oboe/oboe.1.0/oboe-core.owl#CharacteristicQualifier>)
2018-08-14 16:37:13 OwlClassAxiomVisitor - Specification of cardinalities not supported yet: ObjectExactCardinality(1 <http://ecoinformatics.org/oboe/oboe.1.0/oboe-core.owl#hasBaseQualifier> <http://ecoinformatics.org/oboe/oboe.1.0/oboe-core.owl#BaseCharacteristicQualifier>)
2018-08-14 16:37:13 OwlClassAxiomVisitor - Specification of cardinalities not supported yet: ObjectMinCardinality(2 <http://ecoinformatics.org/oboe/oboe.1.0/oboe-core.owl#hasUnit> ObjectUnionOf(<http://ecoinformatics.org/oboe/oboe.1.0/oboe-core.owl#BaseUnit> <http://ecoinformatics.org/oboe/oboe.1.0/oboe-core.owl#DerivedUnit>))
2018-08-14 16:37:13 OwlClassAxiomVisitor - Anonymous operand in object complement of.
2018-08-14 16:37:13 OwlClassAxiomVisitor - Specification of cardinalities not supported yet: ObjectExactCardinality(1 <http://ecoinformatics.org/oboe/oboe.1.0/oboe-core.owl#hasUnit> ObjectUnionOf(<http://ecoinformatics.org/oboe/oboe.1.0/oboe-core.owl#BaseUnit> <http://ecoinformatics.org/oboe/oboe.1.0/oboe-core.owl#DerivedUnit>))
2018-08-14 16:37:13 OwlClassAxiomVisitor - Anonymous operand in object complement of.
2018-08-14 16:37:13 OwlClassAxiomVisitor - ObjectAllValuesFrom range class is anonymous: ObjectAllValuesFrom(<http://ecoinformatics.org/oboe/oboe.1.0/oboe-core.owl#standardFor> ObjectIntersectionOf(<http://ecoinformatics.org/oboe/oboe.1.0/oboe-core.owl#Measurement> ObjectAllValuesFrom(<http://ecoinformatics.org/oboe/oboe.1.0/oboe-core.owl#ofCharacteristic> <http://ecoinformatics.org/oboe/oboe.1.0/oboe-core.owl#PhysicalCharacteristic>)))
2018-08-14 16:37:13 OwlClassAxiomVisitor - ObjectAllValuesFrom range class is anonymous: ObjectAllValuesFrom(<http://ecoinformatics.org/oboe/oboe.1.0/oboe-core.owl#standardFor> ObjectIntersectionOf(<http://ecoinformatics.org/oboe/oboe.1.0/oboe-core.owl#Measurement> ObjectAllValuesFrom(<http://ecoinformatics.org/oboe/oboe.1.0/oboe-core.owl#hasValue> <http://ecoinformatics.org/oboe/oboe.1.0/oboe-core.owl#Decimal>)))
