2018-07-24 21:39:13 InputStreamConverter - Converting input streams...
2018-07-24 21:39:16 InputStreamConverter - Ontologies loaded! Main Ontology: http://ecoinformatics.org/oboe/oboe.1.0/oboe-core.owl
2018-07-24 21:39:16 OwlClassAxiomVisitor - Specification of cardinalities not supported yet: ObjectExactCardinality(1 <http://ecoinformatics.org/oboe/oboe.1.0/oboe-core.owl#hasNextQualifier> <http://ecoinformatics.org/oboe/oboe.1.0/oboe-core.owl#CharacteristicQualifier>)
2018-07-24 21:39:16 OwlClassAxiomVisitor - Specification of cardinalities not supported yet: ObjectExactCardinality(1 <http://ecoinformatics.org/oboe/oboe.1.0/oboe-core.owl#hasBaseQualifier> <http://ecoinformatics.org/oboe/oboe.1.0/oboe-core.owl#BaseCharacteristicQualifier>)
2018-07-24 21:39:16 OwlClassAxiomVisitor - Specification of cardinalities not supported yet: ObjectMinCardinality(2 <http://ecoinformatics.org/oboe/oboe.1.0/oboe-core.owl#hasUnit> ObjectUnionOf(<http://ecoinformatics.org/oboe/oboe.1.0/oboe-core.owl#BaseUnit> <http://ecoinformatics.org/oboe/oboe.1.0/oboe-core.owl#DerivedUnit>))
2018-07-24 21:39:16 OwlClassAxiomVisitor - Anonymous operand in object complement of.
2018-07-24 21:39:16 OwlClassAxiomVisitor - Specification of cardinalities not supported yet: ObjectExactCardinality(1 <http://ecoinformatics.org/oboe/oboe.1.0/oboe-core.owl#hasUnit> ObjectUnionOf(<http://ecoinformatics.org/oboe/oboe.1.0/oboe-core.owl#BaseUnit> <http://ecoinformatics.org/oboe/oboe.1.0/oboe-core.owl#DerivedUnit>))
2018-07-24 21:39:16 OwlClassAxiomVisitor - Anonymous operand in object complement of.
2018-07-24 21:39:16 OwlClassAxiomVisitor - ObjectAllValuesFrom range class is anonymous: ObjectAllValuesFrom(<http://ecoinformatics.org/oboe/oboe.1.0/oboe-core.owl#standardFor> ObjectIntersectionOf(<http://ecoinformatics.org/oboe/oboe.1.0/oboe-core.owl#Measurement> ObjectAllValuesFrom(<http://ecoinformatics.org/oboe/oboe.1.0/oboe-core.owl#ofCharacteristic> <http://ecoinformatics.org/oboe/oboe.1.0/oboe-core.owl#PhysicalCharacteristic>)))
2018-07-24 21:39:16 OwlClassAxiomVisitor - ObjectAllValuesFrom range class is anonymous: ObjectAllValuesFrom(<http://ecoinformatics.org/oboe/oboe.1.0/oboe-core.owl#standardFor> ObjectIntersectionOf(<http://ecoinformatics.org/oboe/oboe.1.0/oboe-core.owl#Measurement> ObjectAllValuesFrom(<http://ecoinformatics.org/oboe/oboe.1.0/oboe-core.owl#hasValue> <http://ecoinformatics.org/oboe/oboe.1.0/oboe-core.owl#Decimal>)))
2018-07-24 22:06:06 InputStreamConverter - Converting input streams...
2018-07-24 22:06:08 InputStreamConverter - Ontologies loaded! Main Ontology: http://ecoinformatics.org/oboe/oboe.1.0/oboe-core.owl
2018-07-24 22:06:08 OwlClassAxiomVisitor - Specification of cardinalities not supported yet: ObjectExactCardinality(1 <http://ecoinformatics.org/oboe/oboe.1.0/oboe-core.owl#hasNextQualifier> <http://ecoinformatics.org/oboe/oboe.1.0/oboe-core.owl#CharacteristicQualifier>)
2018-07-24 22:06:08 OwlClassAxiomVisitor - Specification of cardinalities not supported yet: ObjectExactCardinality(1 <http://ecoinformatics.org/oboe/oboe.1.0/oboe-core.owl#hasBaseQualifier> <http://ecoinformatics.org/oboe/oboe.1.0/oboe-core.owl#BaseCharacteristicQualifier>)
2018-07-24 22:06:08 OwlClassAxiomVisitor - Specification of cardinalities not supported yet: ObjectMinCardinality(2 <http://ecoinformatics.org/oboe/oboe.1.0/oboe-core.owl#hasUnit> ObjectUnionOf(<http://ecoinformatics.org/oboe/oboe.1.0/oboe-core.owl#BaseUnit> <http://ecoinformatics.org/oboe/oboe.1.0/oboe-core.owl#DerivedUnit>))
2018-07-24 22:06:08 OwlClassAxiomVisitor - Anonymous operand in object complement of.
2018-07-24 22:06:08 OwlClassAxiomVisitor - Specification of cardinalities not supported yet: ObjectExactCardinality(1 <http://ecoinformatics.org/oboe/oboe.1.0/oboe-core.owl#hasUnit> ObjectUnionOf(<http://ecoinformatics.org/oboe/oboe.1.0/oboe-core.owl#BaseUnit> <http://ecoinformatics.org/oboe/oboe.1.0/oboe-core.owl#DerivedUnit>))
2018-07-24 22:06:08 OwlClassAxiomVisitor - Anonymous operand in object complement of.
2018-07-24 22:06:08 OwlClassAxiomVisitor - ObjectAllValuesFrom range class is anonymous: ObjectAllValuesFrom(<http://ecoinformatics.org/oboe/oboe.1.0/oboe-core.owl#standardFor> ObjectIntersectionOf(<http://ecoinformatics.org/oboe/oboe.1.0/oboe-core.owl#Measurement> ObjectAllValuesFrom(<http://ecoinformatics.org/oboe/oboe.1.0/oboe-core.owl#ofCharacteristic> <http://ecoinformatics.org/oboe/oboe.1.0/oboe-core.owl#PhysicalCharacteristic>)))
2018-07-24 22:06:08 OwlClassAxiomVisitor - ObjectAllValuesFrom range class is anonymous: ObjectAllValuesFrom(<http://ecoinformatics.org/oboe/oboe.1.0/oboe-core.owl#standardFor> ObjectIntersectionOf(<http://ecoinformatics.org/oboe/oboe.1.0/oboe-core.owl#Measurement> ObjectAllValuesFrom(<http://ecoinformatics.org/oboe/oboe.1.0/oboe-core.owl#hasValue> <http://ecoinformatics.org/oboe/oboe.1.0/oboe-core.owl#Decimal>)))
2018-07-24 22:21:20 InputStreamConverter - Converting input streams...
2018-07-24 22:21:22 InputStreamConverter - Ontologies loaded! Main Ontology: http://ecoinformatics.org/oboe/oboe.1.0/oboe-core.owl
2018-07-24 22:21:22 OwlClassAxiomVisitor - Specification of cardinalities not supported yet: ObjectExactCardinality(1 <http://ecoinformatics.org/oboe/oboe.1.0/oboe-core.owl#hasNextQualifier> <http://ecoinformatics.org/oboe/oboe.1.0/oboe-core.owl#CharacteristicQualifier>)
2018-07-24 22:21:22 OwlClassAxiomVisitor - Specification of cardinalities not supported yet: ObjectExactCardinality(1 <http://ecoinformatics.org/oboe/oboe.1.0/oboe-core.owl#hasBaseQualifier> <http://ecoinformatics.org/oboe/oboe.1.0/oboe-core.owl#BaseCharacteristicQualifier>)
2018-07-24 22:21:22 OwlClassAxiomVisitor - Specification of cardinalities not supported yet: ObjectMinCardinality(2 <http://ecoinformatics.org/oboe/oboe.1.0/oboe-core.owl#hasUnit> ObjectUnionOf(<http://ecoinformatics.org/oboe/oboe.1.0/oboe-core.owl#BaseUnit> <http://ecoinformatics.org/oboe/oboe.1.0/oboe-core.owl#DerivedUnit>))
2018-07-24 22:21:22 OwlClassAxiomVisitor - Anonymous operand in object complement of.
2018-07-24 22:21:22 OwlClassAxiomVisitor - Specification of cardinalities not supported yet: ObjectExactCardinality(1 <http://ecoinformatics.org/oboe/oboe.1.0/oboe-core.owl#hasUnit> ObjectUnionOf(<http://ecoinformatics.org/oboe/oboe.1.0/oboe-core.owl#BaseUnit> <http://ecoinformatics.org/oboe/oboe.1.0/oboe-core.owl#DerivedUnit>))
2018-07-24 22:21:22 OwlClassAxiomVisitor - Anonymous operand in object complement of.
2018-07-24 22:21:22 OwlClassAxiomVisitor - ObjectAllValuesFrom range class is anonymous: ObjectAllValuesFrom(<http://ecoinformatics.org/oboe/oboe.1.0/oboe-core.owl#standardFor> ObjectIntersectionOf(<http://ecoinformatics.org/oboe/oboe.1.0/oboe-core.owl#Measurement> ObjectAllValuesFrom(<http://ecoinformatics.org/oboe/oboe.1.0/oboe-core.owl#ofCharacteristic> <http://ecoinformatics.org/oboe/oboe.1.0/oboe-core.owl#PhysicalCharacteristic>)))
2018-07-24 22:21:22 OwlClassAxiomVisitor - ObjectAllValuesFrom range class is anonymous: ObjectAllValuesFrom(<http://ecoinformatics.org/oboe/oboe.1.0/oboe-core.owl#standardFor> ObjectIntersectionOf(<http://ecoinformatics.org/oboe/oboe.1.0/oboe-core.owl#Measurement> ObjectAllValuesFrom(<http://ecoinformatics.org/oboe/oboe.1.0/oboe-core.owl#hasValue> <http://ecoinformatics.org/oboe/oboe.1.0/oboe-core.owl#Decimal>)))
2018-07-24 23:04:17 InputStreamConverter - Converting input streams...
2018-07-24 23:04:17 InputStreamConverter - Ontologies loaded! Main Ontology: http://ecoinformatics.org/oboe/oboe.1.0/oboe-core.owl
2018-07-24 23:04:17 OwlClassAxiomVisitor - Specification of cardinalities not supported yet: ObjectExactCardinality(1 <http://ecoinformatics.org/oboe/oboe.1.0/oboe-core.owl#hasNextQualifier> <http://ecoinformatics.org/oboe/oboe.1.0/oboe-core.owl#CharacteristicQualifier>)
2018-07-24 23:04:17 OwlClassAxiomVisitor - Specification of cardinalities not supported yet: ObjectExactCardinality(1 <http://ecoinformatics.org/oboe/oboe.1.0/oboe-core.owl#hasBaseQualifier> <http://ecoinformatics.org/oboe/oboe.1.0/oboe-core.owl#BaseCharacteristicQualifier>)
2018-07-24 23:04:17 OwlClassAxiomVisitor - Specification of cardinalities not supported yet: ObjectMinCardinality(2 <http://ecoinformatics.org/oboe/oboe.1.0/oboe-core.owl#hasUnit> ObjectUnionOf(<http://ecoinformatics.org/oboe/oboe.1.0/oboe-core.owl#BaseUnit> <http://ecoinformatics.org/oboe/oboe.1.0/oboe-core.owl#DerivedUnit>))
2018-07-24 23:04:17 OwlClassAxiomVisitor - Anonymous operand in object complement of.
2018-07-24 23:04:17 OwlClassAxiomVisitor - Specification of cardinalities not supported yet: ObjectExactCardinality(1 <http://ecoinformatics.org/oboe/oboe.1.0/oboe-core.owl#hasUnit> ObjectUnionOf(<http://ecoinformatics.org/oboe/oboe.1.0/oboe-core.owl#BaseUnit> <http://ecoinformatics.org/oboe/oboe.1.0/oboe-core.owl#DerivedUnit>))
2018-07-24 23:04:17 OwlClassAxiomVisitor - Anonymous operand in object complement of.
2018-07-24 23:04:17 OwlClassAxiomVisitor - ObjectAllValuesFrom range class is anonymous: ObjectAllValuesFrom(<http://ecoinformatics.org/oboe/oboe.1.0/oboe-core.owl#standardFor> ObjectIntersectionOf(<http://ecoinformatics.org/oboe/oboe.1.0/oboe-core.owl#Measurement> ObjectAllValuesFrom(<http://ecoinformatics.org/oboe/oboe.1.0/oboe-core.owl#ofCharacteristic> <http://ecoinformatics.org/oboe/oboe.1.0/oboe-core.owl#PhysicalCharacteristic>)))
2018-07-24 23:04:17 OwlClassAxiomVisitor - ObjectAllValuesFrom range class is anonymous: ObjectAllValuesFrom(<http://ecoinformatics.org/oboe/oboe.1.0/oboe-core.owl#standardFor> ObjectIntersectionOf(<http://ecoinformatics.org/oboe/oboe.1.0/oboe-core.owl#Measurement> ObjectAllValuesFrom(<http://ecoinformatics.org/oboe/oboe.1.0/oboe-core.owl#hasValue> <http://ecoinformatics.org/oboe/oboe.1.0/oboe-core.owl#Decimal>)))
2018-07-24 23:14:10 InputStreamConverter - Converting input streams...
2018-07-24 23:14:11 InputStreamConverter - Ontologies loaded! Main Ontology: http://ecoinformatics.org/oboe/oboe.1.0/oboe-core.owl
2018-07-24 23:14:11 OwlClassAxiomVisitor - Specification of cardinalities not supported yet: ObjectExactCardinality(1 <http://ecoinformatics.org/oboe/oboe.1.0/oboe-core.owl#hasNextQualifier> <http://ecoinformatics.org/oboe/oboe.1.0/oboe-core.owl#CharacteristicQualifier>)
2018-07-24 23:14:11 OwlClassAxiomVisitor - Specification of cardinalities not supported yet: ObjectExactCardinality(1 <http://ecoinformatics.org/oboe/oboe.1.0/oboe-core.owl#hasBaseQualifier> <http://ecoinformatics.org/oboe/oboe.1.0/oboe-core.owl#BaseCharacteristicQualifier>)
2018-07-24 23:14:11 OwlClassAxiomVisitor - Specification of cardinalities not supported yet: ObjectMinCardinality(2 <http://ecoinformatics.org/oboe/oboe.1.0/oboe-core.owl#hasUnit> ObjectUnionOf(<http://ecoinformatics.org/oboe/oboe.1.0/oboe-core.owl#BaseUnit> <http://ecoinformatics.org/oboe/oboe.1.0/oboe-core.owl#DerivedUnit>))
2018-07-24 23:14:11 OwlClassAxiomVisitor - Anonymous operand in object complement of.
2018-07-24 23:14:11 OwlClassAxiomVisitor - Specification of cardinalities not supported yet: ObjectExactCardinality(1 <http://ecoinformatics.org/oboe/oboe.1.0/oboe-core.owl#hasUnit> ObjectUnionOf(<http://ecoinformatics.org/oboe/oboe.1.0/oboe-core.owl#BaseUnit> <http://ecoinformatics.org/oboe/oboe.1.0/oboe-core.owl#DerivedUnit>))
2018-07-24 23:14:11 OwlClassAxiomVisitor - Anonymous operand in object complement of.
2018-07-24 23:14:11 OwlClassAxiomVisitor - ObjectAllValuesFrom range class is anonymous: ObjectAllValuesFrom(<http://ecoinformatics.org/oboe/oboe.1.0/oboe-core.owl#standardFor> ObjectIntersectionOf(<http://ecoinformatics.org/oboe/oboe.1.0/oboe-core.owl#Measurement> ObjectAllValuesFrom(<http://ecoinformatics.org/oboe/oboe.1.0/oboe-core.owl#ofCharacteristic> <http://ecoinformatics.org/oboe/oboe.1.0/oboe-core.owl#PhysicalCharacteristic>)))
2018-07-24 23:14:11 OwlClassAxiomVisitor - ObjectAllValuesFrom range class is anonymous: ObjectAllValuesFrom(<http://ecoinformatics.org/oboe/oboe.1.0/oboe-core.owl#standardFor> ObjectIntersectionOf(<http://ecoinformatics.org/oboe/oboe.1.0/oboe-core.owl#Measurement> ObjectAllValuesFrom(<http://ecoinformatics.org/oboe/oboe.1.0/oboe-core.owl#hasValue> <http://ecoinformatics.org/oboe/oboe.1.0/oboe-core.owl#Decimal>)))
